-7.18152 -7.18157
-7.16619 -7.16618
-7.15791 -7.15784
-7.1569 -7.15693
-7.16868 -7.16849
-7.13467 -7.13446
-7.16234 -7.16216
-7.12174 -7.12163
-7.13205 -7.13198
-7.11975 -7.11962
-7.10853 -7.10823
-7.00252 -7.00267
-6.99469 -6.99475
-6.98875 -6.98868
-6.98114 -6.98105
-6.98574 -6.9857
-6.9653 -6.96526
-6.95038 -6.95025
-6.94676 -6.94666
-6.93201 -6.93171
-6.9323 -6.93201
-7.007 -7.00703
-6.98857 -6.9885
-6.99014 -6.99012
-6.98363 -6.98358
-6.98328 -6.98339
-6.97588 -6.97598
-6.94507 -6.94515
-6.93923 -6.93869
-6.94548 -6.94544
-6.91941 -6.91979
-6.92875 -6.92886
-6.91519 -6.91524
-6.9015 -6.90142
-6.90213 -6.90217
-6.89774 -6.8978
-6.8896 -6.88953
-6.88069 -6.8806
-6.87942 -6.87929
-6.8628 -6.86274
-6.85842 -6.85827
-6.85771 -6.85772
-6.8474 -6.84744
-6.83126 -6.83186
-6.91316 -6.91316
-6.90584 -6.90576
-6.90606 -6.90588
-6.90304 -6.90301
-6.86978 -6.87
-6.87891 -6.87889
-6.87122 -6.87114
-6.85299 -6.85272
-6.84368 -6.84364
-6.91254 -6.91268
-6.9057 -6.90571
-6.90322 -6.90318
-6.89799 -6.89802
-6.8911 -6.89113
-6.88661 -6.88653
-6.8895 -6.88933
-6.87581 -6.87582
-6.87345 -6.87348
-6.87436 -6.87467
-6.85669 -6.85674
-6.83861 -6.83844
-6.64581 -6.64576
-6.64031 -6.64028
-6.62994 -6.62995
-6.62522 -6.62509
-6.62695 -6.62691
-6.62368 -6.62375
-6.61298 -6.61259
-6.61107 -6.61068
-6.60571 -6.60572
-6.59315 -6.59327
-6.59414 -6.5939
-6.57694 -6.57713
-6.56723 -6.56705
-7.09645 -7.09649
-7.09242 -7.09245
-7.0842 -7.08431
-7.07559 -7.07549
-7.06737 -7.06733
-7.06159 -7.06169
-7.05448 -7.05439
-7.05492 -7.05492
-7.0542 -7.05415
-7.04473 -7.04488
-7.03571 -7.03558
-7.0364 -7.03611
-7.01659 -7.01675
-7.02578 -7.02564
-7.09534 -7.09532
-7.08393 -7.08402
-7.07645 -7.0765
-7.07621 -7.07621
-7.07326 -7.07334
-7.06598 -7.0659
-7.06559 -7.06569
-7.0586 -7.05853
-7.03871 -7.0384
-7.04277 -7.04253
-7.03713 -7.03676
-7.03343 -7.03278
-7.02309 -7.02323
-7.109 -7.10948
-7.11268 -7.11296
-7.10676 -7.10676
-7.12582 -7.12597
-7.09073 -7.09057
-6.9305 -6.9305
-6.93284 -6.93323
-6.87679 -6.877
-6.92043 -6.92058
-6.93511 -6.93526
-6.84494 -6.84482
-6.85789 -6.85798
-6.86035 -6.86039
-6.84162 -6.84141
-6.82417 -6.8243
-6.84641 -6.84641
-6.85248 -6.85232
-6.86314 -6.86347
-6.84841 -6.84856
-6.84255 -6.84279
-6.86154 -6.86144
-6.84543 -6.84538
-6.84154 -6.84161
-6.83856 -6.83856
-6.84994 -6.84984
-6.77344 -6.77331
-6.76628 -6.76634
-6.77726 -6.7774
-6.78096 -6.78123
-6.74883 -6.74893
-6.6607 -6.66077
-6.63206 -6.63189
-6.67332 -6.67327
-6.6743 -6.67428
-6.67993 -6.68013
-6.57935 -6.57943
-6.586 -6.58608
-6.58412 -6.58417
-6.58657 -6.5868
-6.58931 -6.58975
-7.01608 -7.01629
-7.02342 -7.02376
-7.03359 -7.034
-7.01995 -7.02
-7.03894 -7.03917
