0.356432 0.344574 0.83197 0.0235829 -0.00470509 -0.00201608 0.353302 0.341717 0.829722 0.023092 -0.004564 -0.00128
0.494126 0.487531 1.15097 0.0224453 0.00533324 0.00231821 0.485425 0.478751 1.14882 0.021413 0.005429 0.003732
0.500867 0.519802 1.18179 -0.0141632 0.0513618 -0.00690868 0.491848 0.511564 1.1836 -0.013161 0.053081 -0.005689
0.528961 0.538966 1.23579 -0.02845 0.103754 0.00468354 0.519067 0.528899 1.2366 -0.029167 0.104243 0.00496
0.109273 0.120034 0.175212 -0.0151489 0.0705559 0.0424536 0.116659 0.123319 0.176775 -0.014016 0.070934 0.040781
0.557938 0.588323 1.26539 -0.0252294 -0.0812205 0.00620721 0.548681 0.582807 1.26972 -0.024438 -0.085506 0.007501
0.188151 0.176878 0.315711 0.0143521 -0.166399 -0.02095 0.187503 0.185795 0.315773 0.01086 -0.163468 -0.019163
0.514007 0.558702 1.1802 0.069312 0.171408 0.0619502 0.511338 0.557261 1.18123 0.069013 0.172351 0.062441
0.310206 0.333958 0.607157 -0.0254649 -0.148358 -0.0311922 0.317124 0.337574 0.604965 -0.026639 -0.146917 -0.029987
0.322023 0.327659 0.59004 0.0649641 0.23083 0.0828434 0.323984 0.326286 0.580274 0.061606 0.229312 0.085811
0.308186 0.330878 0.547912 -0.0981884 -0.273075 -0.0327333 0.307172 0.335676 0.541835 -0.091558 -0.271013 -0.03375
0.274364 0.276484 0.628942 0.00649685 0.0253141 -0.0303027 0.273329 0.274068 0.624053 0.006854 0.026169 -0.03048
0.24352 0.259025 0.529399 0.0119775 -0.0126876 -0.034301 0.244613 0.257447 0.526066 0.01143 -0.012667 -0.034778
0.266072 0.264969 0.549962 0.000531827 0.0366542 -0.0541722 0.263055 0.264396 0.548198 0.002596 0.037251 -0.055478
0.334239 0.288331 0.642371 -0.000596219 0.00831012 0.00757711 0.335921 0.289897 0.640076 -0.00182 0.004856 0.010511
0.26376 0.229123 0.49322 0.0132991 0.0711293 -0.0187232 0.266574 0.230366 0.489442 0.012743 0.071988 -0.017106
0.31916 0.29904 0.612945 -0.0295868 0.0602573 -0.0882723 0.320599 0.304989 0.612101 -0.02831 0.061116 -0.089129
0.327099 0.363506 0.674985 0.0172087 -0.0159147 -0.0180424 0.329449 0.367148 0.672652 0.017223 -0.017751 -0.016164
0.285528 0.298813 0.500867 0.0157828 0.0968995 0.0884276 0.289217 0.298368 0.496912 0.012271 0.095807 0.088016
0.352762 0.396669 0.674087 0.012478 0.00586328 -0.0547395 0.359644 0.393377 0.671507 0.00988 0.001328 -0.052931
0.343668 0.338248 0.566419 0.0104748 -0.0858974 -0.0242514 0.344949 0.336159 0.563247 0.009447 -0.086642 -0.019904
0.236646 0.239935 0.536578 -0.00984645 0.0126223 -0.0164281 0.237032 0.239689 0.532006 -0.009582 0.012854 -0.016111
0.323554 0.335063 0.725145 0.0098987 0.0690542 -0.0492308 0.322194 0.333506 0.721558 0.009851 0.070772 -0.049988
0.253771 0.272139 0.530257 -0.00052087 -0.0654045 0.000532148 0.255807 0.275649 0.527862 -0.001166 -0.066423 -0.0008
0.297919 0.247366 0.558388 -0.0262339 0.0319946 0.0198211 0.295596 0.243876 0.556379 -0.024212 0.034588 0.021918
0.1747 0.216012 0.345547 0.000721128 0.066994 -0.0902623 0.174088 0.21438 0.34206 0.001638 0.069605 -0.089554
0.313745 0.310294 0.631668 -0.0138336 -0.108075 -0.0678537 0.31185 0.304783 0.630591 -0.014574 -0.111534 -0.067607
0.321256 0.286017 0.550547 0.0197975 0.0453156 -0.014118 0.326677 0.289756 0.544404 0.019889 0.045864 -0.015296
0.284298 0.294491 0.422126 -0.00679506 0.0287027 -0.074406 0.28226 0.294053 0.411174 -0.013536 0.031373 -0.075784
0.267648 0.301002 0.450976 -0.0258846 -0.112045 0.112755 0.275278 0.306424 0.442948 -0.024623 -0.116044 0.113056
0.407469 0.303059 0.576907 0.00448282 -0.087211 -0.0337087 0.415382 0.303858 0.566763 0.005649 -0.084871 -0.03801
0.37986 0.395349 0.672054 0.0250776 0.0479874 0.0576552 0.384792 0.399717 0.667907 0.026697 0.048949 0.04922
0.176385 0.158344 0.348662 0.00470112 -0.0133928 0.0251827 0.174525 0.159177 0.345507 0.002323 -0.01409 0.025613
0.278478 0.251595 0.578993 -0.0135544 -0.110312 -0.0117847 0.27794 0.249618 0.577858 -0.014297 -0.112042 -0.011198
0.207572 0.202683 0.399121 -0.0216845 0.0349691 -0.004315 0.206381 0.202159 0.394649 -0.022138 0.03593 -0.003634
0.278344 0.249651 0.566764 -0.0105047 -0.045729 0.0252947 0.273611 0.25301 0.564671 -0.010411 -0.04405 0.025291
0.231039 0.218616 0.409977 0.0150031 -0.00572625 -0.0238611 0.225542 0.219507 0.405749 0.011945 -0.005569 -0.025887
0.252848 0.297454 0.517628 -0.00718224 0.0970962 0.0588025 0.247007 0.297062 0.517222 -0.006546 0.09714 0.060736
0.190946 0.255371 0.4058 0.0310401 -0.0917764 -0.156196 0.189744 0.251593 0.404194 0.02845 -0.089591 -0.157862
0.262607 0.333876 0.552255 0.0209796 0.0806107 0.051745 0.264462 0.329739 0.549708 0.012286 0.082059 0.05076
0.355141 0.27776 0.573151 0.0164 -0.102939 -0.170929 0.357609 0.276857 0.573865 0.01517 -0.103834 -0.169959
0.296127 0.345239 0.574954 -0.0262382 0.104351 -0.0531491 0.291169 0.343528 0.567816 -0.03027 0.105995 -0.055843
0.277278 0.278288 0.465772 0.0234015 0.0705654 -0.0260995 0.278672 0.283294 0.463392 0.022947 0.07303 -0.022732
0.456906 0.335533 0.696987 0.0345023 0.0739508 -0.0323748 0.444012 0.328961 0.692935 0.031817 0.07553 -0.036441
0.248075 0.208527 0.521684 0.0125759 -0.0436587 0.0203837 0.247692 0.208939 0.51752 0.012031 -0.043999 0.020129
0.299985 0.245045 0.597337 0.00387998 -0.0487666 -0.00658524 0.295633 0.243814 0.594703 0.002157 -0.04958 -0.005871
0.214851 0.225381 0.475667 -0.00298974 0.0505799 -0.0545641 0.216122 0.228263 0.473959 -0.003772 0.05163 -0.055228
0.210512 0.211462 0.442367 0.00887909 0.0488368 -0.0248438 0.207849 0.214188 0.437208 0.00668 0.050311 -0.024383
0.303078 0.312953 0.573248 0.0267664 0.0934019 0.122197 0.299561 0.307385 0.569704 0.025979 0.094713 0.12505
0.240395 0.212555 0.376927 0.021689 0.127706 0.0220973 0.238446 0.210428 0.373493 0.018691 0.127703 0.02267
0.342984 0.28878 0.626878 -0.00996239 -0.0906444 0.0315559 0.343341 0.29183 0.62815 -0.008655 -0.094081 0.033725
0.202408 0.213906 0.25466 -0.007117 -0.0416935 -0.0856711 0.206111 0.215293 0.256623 -0.009347 -0.041426 -0.084393
0.3547 0.355202 0.647042 -0.00724506 -0.228328 0.0464531 0.356791 0.356878 0.642504 -0.004503 -0.23 0.046651
0.29845 0.26231 0.651466 -0.0301047 0.0234488 0.0235977 0.297694 0.261465 0.648101 -0.030572 0.022915 0.024284
0.242923 0.24343 0.522459 0.0258119 -0.000530226 0.0331567 0.243751 0.246001 0.520191 0.025585 -0.001109 0.033843
0.226945 0.248701 0.500273 -0.0108901 -0.0597989 -0.0534114 0.228422 0.249798 0.494703 -0.012399 -0.061554 -0.055099
0.289273 0.294502 0.631905 0.035721 0.00989307 -0.0252858 0.291968 0.297534 0.626308 0.03408 0.01289 -0.025253
0.255461 0.326016 0.589559 0.0145581 -0.0744692 0.00381718 0.256103 0.327031 0.584234 0.013662 -0.075568 0.003674
0.274272 0.296518 0.564983 0.00513563 0.101255 -0.00622466 0.272933 0.296381 0.561235 0.00251 0.101458 -0.007186
0.303815 0.286934 0.59696 -0.0108886 -0.0576395 0.0778473 0.302213 0.289176 0.593317 -0.010297 -0.058114 0.079033
0.335887 0.357017 0.717923 -0.00694303 0.0263595 0.104257 0.331592 0.355162 0.716866 -0.006772 0.025819 0.106606
0.282576 0.262855 0.505243 -0.0071056 0.0763748 -0.0577101 0.283107 0.267143 0.498879 -0.007355 0.077259 -0.05671
0.208317 0.178792 0.286508 -0.00217711 -0.00813084 -0.0301576 0.211628 0.180966 0.283712 0.000695 -0.00677 -0.027597
0.238923 0.285594 0.426536 -0.0052634 0.0431633 -0.0108831 0.24068 0.287061 0.420465 -0.006559 0.044347 -0.011876
0.361713 0.300835 0.567512 -0.00313784 -0.0657683 -0.181931 0.353656 0.304887 0.560705 -0.006934 -0.063334 -0.179512
0.103184 0.122175 0.25983 -0.02723 0.0692585 0.00685143 0.107361 0.125427 0.253717 -0.02776 0.069437 0.007563
0.137027 0.111347 0.268137 0.0337485 0.0760229 -0.00262715 0.139334 0.115206 0.262067 0.033624 0.075958 -0.002408
0.131942 0.144125 0.273284 -0.0331917 -0.075776 -0.0238592 0.13581 0.145995 0.268522 -0.033237 -0.076787 -0.025324
0.156265 0.162468 0.31924 0.0155542 -0.0796566 0.0138873 0.161175 0.164773 0.316669 0.016918 -0.080151 0.014793
0.106444 0.14016 0.205107 0.0123536 0.128878 -0.00263768 0.109375 0.145973 0.198989 0.012122 0.129681 -0.002301
0.159652 0.151792 0.305371 -0.0272997 -0.114486 -0.00371622 0.161947 0.15484 0.298845 -0.029427 -0.113802 -0.004484
0.142628 0.129267 0.196214 -0.0378719 0.133874 -0.0229054 0.144475 0.129506 0.191961 -0.039645 0.134727 -0.022439
0.232586 0.187174 0.418111 -0.00980318 -0.160691 0.00831675 0.238235 0.185203 0.4164 -0.010943 -0.160044 0.008229
0.252891 0.225163 0.448984 -0.0140953 0.144578 -0.00310994 0.250736 0.221035 0.446256 -0.016852 0.145831 -0.002123
0.205893 0.218884 0.365453 -0.0126337 0.0505461 -0.0908692 0.208111 0.222696 0.362813 -0.014013 0.048183 -0.092106
0.190807 0.189998 0.315199 -0.0033532 0.00962228 0.000845206 0.196371 0.194947 0.314336 -0.002335 0.008964 0.003218
0.17807 0.238708 0.272956 -0.00339774 -0.0910156 -0.00686076 0.171339 0.236783 0.273199 -0.008518 -0.086096 -0.007769
0.127681 0.171542 0.120775 -0.00271089 -0.0405114 -0.00622398 0.134115 0.186561 0.115546 -0.008329 -0.037588 -0.002902
0.221784 0.23758 0.518921 -0.0181445 0.0190302 -0.0148346 0.223999 0.238163 0.516864 -0.017458 0.019087 -0.014634
0.242567 0.216245 0.498177 -0.00241553 0.000492323 0.0588273 0.245632 0.218736 0.495608 -0.002936 0.000254 0.05914
0.312826 0.308691 0.691915 -0.0130992 -0.0187717 -0.0383338 0.30958 0.309945 0.689444 -0.01197 -0.020027 -0.040013
0.308944 0.240107 0.569033 -0.012149 -0.121544 0.0538805 0.307633 0.240866 0.567257 -0.008724 -0.121824 0.056383
0.368463 0.40643 0.845446 -0.0128516 0.0575632 -0.16059 0.366877 0.408467 0.843687 -0.012353 0.059306 -0.163508
0.327464 0.328034 0.651859 -0.00833644 0.0032763 0.0377583 0.323862 0.327766 0.651774 -0.00834 0.004576 0.038181
0.356783 0.370472 0.73968 -0.0316258 -0.08904 0.13846 0.360345 0.376694 0.741691 -0.030089 -0.089844 0.142135
0.288625 0.335957 0.609643 0.00387385 0.00828158 0.00685597 0.291041 0.340578 0.607262 0.003147 0.008788 0.007864
0.351306 0.300551 0.62555 -0.0255044 0.12404 -0.0189359 0.354355 0.299465 0.620085 -0.024408 0.124278 -0.019455
0.286458 0.318987 0.545739 0.0118777 0.0586364 0.0149673 0.287906 0.321876 0.540034 0.006719 0.057791 0.01214
0.311939 0.263174 0.475444 0.0243523 0.00238514 0.0652373 0.313943 0.268276 0.470983 0.027844 0.0004 0.061924
0.386858 0.325751 0.688276 0.0488396 0.00998148 0.151657 0.391443 0.323749 0.683048 0.050196 0.00922 0.151404
0.399304 0.376594 0.712594 0.040718 -0.0834591 0.0514038 0.395764 0.38147 0.708611 0.035108 -0.082136 0.049572
0.393877 0.392311 0.748676 0.0153982 -0.041452 -0.00275271 0.39951 0.399633 0.743908 0.016334 -0.042579 -0.003933
0.261567 0.244762 0.574587 -0.0195363 0.0123504 0.0605391 0.26532 0.244859 0.572346 -0.019811 0.012507 0.061058
0.331673 0.3959 0.846562 -0.00559726 -0.0620155 -0.0718478 0.329987 0.392173 0.845203 -0.005385 -0.062916 -0.07236
0.395942 0.414529 0.923835 0.0164116 0.0207525 -0.0409687 0.394695 0.412837 0.926984 0.014837 0.021843 -0.042983
0.299634 0.343749 0.685624 -0.0191631 0.003443 0.0445598 0.304673 0.341013 0.682059 -0.016875 0.004988 0.044165
0.206819 0.193182 0.33407 0.0225098 0.00907951 -0.0489608 0.209441 0.195668 0.33312 0.02235 0.007834 -0.047909
0.3551 0.264689 0.65199 -0.00568617 0.0949186 0.0530118 0.353676 0.268666 0.647821 -0.004977 0.097579 0.055522
0.278421 0.323198 0.623544 0.00670887 -0.00502065 -0.0318897 0.279823 0.324522 0.620457 0.006866 -0.007539 -0.031565
0.286148 0.324094 0.611279 0.0325819 0.0766903 -0.0578438 0.286374 0.324869 0.608997 0.031555 0.07995 -0.057771
0.363539 0.377615 0.716627 0.0214221 0.0825802 -0.0552691 0.363481 0.376266 0.717284 0.019815 0.081048 -0.057815
0.32065 0.307548 0.608205 -0.00732348 -0.119447 0.068662 0.327238 0.314509 0.609705 -0.007695 -0.123206 0.07215
0.345521 0.321927 0.590482 0.010018 -0.150544 0.0657756 0.352723 0.318908 0.589821 0.008977 -0.155359 0.063738
0.279002 0.258066 0.438465 0.0408312 -0.0582154 0.0543071 0.278499 0.26238 0.430992 0.04155 -0.061606 0.059063
0.335299 0.418647 0.69642 0.00166926 -0.01251 0.091707 0.33615 0.41998 0.689676 0.001029 -0.013883 0.088542
0.69833 0.514596 0.749187 0.16308 0.200211 -0.0517237 0.702009 0.528348 0.742482 0.158096 0.200624 -0.053718
0.280181 0.69415 0.990955 -0.183947 -0.171084 -0.258361 0.290537 0.68311 0.986995 -0.176501 -0.172411 -0.262162
0.743767 0.624149 0.788777 -0.0781688 0.233475 -0.157469 0.74365 0.622963 0.788622 -0.073942 0.236408 -0.156055
0.0365638 -0.133045 0.0482715 -0.0934758 0.226759 -0.159081 0.037012 -0.124773 0.055008 -0.087905 0.225479 -0.160332
0.563824 0.842627 1.28295 0.130488 0.204944 0.0210984 0.572036 0.835646 1.28246 0.126133 0.204858 0.02038
0.798932 0.721707 0.712293 0.0694199 -0.172679 -0.147554 0.796816 0.717292 0.710181 0.067543 -0.173457 -0.148497
0.169755 0.323458 0.802512 -0.0573239 0.0296538 0.194541 0.167687 0.315004 0.806123 -0.056795 0.029729 0.201414
1.18047 0.961177 1.73941 -0.150438 -0.20403 0.396226 1.16476 0.96486 1.74668 -0.142275 -0.205011 0.398293
0.499904 0.18919 1.06295 -0.0348816 0.106647 -0.302206 0.477887 0.197435 1.07914 -0.031177 0.104843 -0.303656
-0.00782952 0.103594 0.55722 0.193838 -0.166355 -0.138312 0.000561 0.101829 0.55964 0.184568 -0.16792 -0.136828
0.417139 0.829043 0.785917 0.149702 0.104035 0.142223 0.420951 0.816146 0.783022 0.13886 0.106545 0.144023
0.251567 -0.034366 0.409578 -0.0344185 0.0640266 -0.237907 0.241372 -0.028422 0.410802 -0.03649 0.063867 -0.237064
0.102282 0.630371 0.373605 0.0300185 0.295359 -0.181556 0.10619 0.618285 0.374339 0.0291 0.29325 -0.179161
0.756556 0.807648 0.978166 0.179082 -0.0530188 -0.0829656 0.750955 0.810242 0.977844 0.170951 -0.053102 -0.084639
1.10052 0.499274 1.30927 -0.0562997 0.207654 -0.283742 1.07598 0.50816 1.30842 -0.052303 0.208267 -0.287067
0.156312 0.0296469 0.340506 -0.0670839 -0.0822345 0.00661804 0.146736 0.01638 0.342094 -0.066087 -0.087112 0.006262
0.892277 0.68712 0.688965 0.149353 0.0651998 0.0826324 0.893613 0.694164 0.685803 0.143876 0.06371 0.080498
0.0799302 -0.196242 0.132086 0.132298 0.19783 0.111801 0.082606 -0.186605 0.131503 0.126884 0.196774 0.113104
0.126085 0.402564 0.583318 -0.0906308 0.110452 -0.0866049 0.1292 0.398044 0.580008 -0.087957 0.112009 -0.087682
0.197878 0.742703 1.03862 -0.0660567 0.0447085 -0.281783 0.208195 0.723796 1.04236 -0.067988 0.046337 -0.285839
0.4952 0.464966 0.188672 -0.0595725 -0.0472842 0.0665105 0.48385 0.455306 0.187068 -0.058281 -0.045529 0.063393
0.693514 0.250387 0.875258 0.0853445 0.203188 0.172827 0.678127 0.256653 0.873653 0.082815 0.203705 0.17553
0.0905292 0.480486 0.828243 -0.0635047 -0.0276925 -0.190124 0.100029 0.459702 0.831955 -0.054978 -0.035408 -0.194446
0.929011 0.536035 1.0517 0.138875 -0.196396 0.143857 0.916722 0.534906 1.04614 0.131643 -0.201952 0.147302
0.585189 0.699304 0.771507 -0.135022 0.0473567 0.164065 0.583541 0.69296 0.760295 -0.13243 0.048888 0.164958
0.467958 0.298694 0.473037 -0.162728 0.0599084 -0.140629 0.460552 0.298527 0.4661 -0.155281 0.06105 -0.142177
-0.408622 -0.340789 -0.245158 -0.0831696 -0.00247946 0.104505 -0.410467 -0.349583 -0.258133 -0.076974 -0.001321 0.106834
-0.183665 0.00413109 -0.0817186 0.0431648 0.215527 -0.0317774 -0.185916 -0.004316 -0.089093 0.041471 0.213843 -0.033758
0.0281907 0.196079 0.164751 -0.0159469 -0.187678 -0.22243 0.026319 0.188412 0.161498 -0.014015 -0.189885 -0.22237
0.589334 0.325008 1.08917 0.142611 0.164924 0.255032 0.570362 0.316703 1.09464 0.13553 0.165092 0.262263
-0.176477 0.349675 0.0864047 0.109332 0.0417996 -0.181191 -0.169824 0.334201 0.080522 0.105885 0.039484 -0.18298
1.03524 1.10118 1.29187 -0.27582 0.267042 -0.0214871 1.03443 1.10062 1.28935 -0.261249 0.27346 -0.021469
-0.0511451 0.50702 0.134746 -0.0713753 0.194693 0.0767023 -0.044358 0.496629 0.129657 -0.069801 0.194144 0.07643
-0.246197 -0.405417 -0.38521 0.00437072 -0.186749 0.0473584 -0.247726 -0.410206 -0.394743 0.00572 -0.181734 0.047452
0.529953 0.263013 0.162003 0.0286102 -0.155234 -0.0423578 0.526569 0.259635 0.162711 0.026587 -0.156605 -0.043476
0.507852 -0.142405 0.275583 -0.166498 0.129998 0.112518 0.488963 -0.137985 0.267732 -0.155017 0.134884 0.112775
0.0400437 -0.113084 0.302216 -0.152197 -0.250815 -0.288844 0.033314 -0.113608 0.300128 -0.1463 -0.252814 -0.289567
0.106243 0.710606 0.663283 0.145196 -0.0881839 0.198998 0.117573 0.692082 0.658537 0.138948 -0.088357 0.203366
0.15028 0.302529 -0.0640489 -0.0586913 0.104784 0.0557603 0.143342 0.296331 -0.066192 -0.061657 0.102506 0.054125
-0.316079 -0.248282 0.0143427 0.0660369 -0.214866 -0.129991 -0.315685 -0.245397 0.012932 0.061211 -0.217121 -0.130612
0.784649 0.301095 1.09854 0.0115491 -0.117362 0.0907243 0.770478 0.305206 1.10893 0.012409 -0.117395 0.090482
-0.247126 0.359524 0.14351 -0.135906 0.157904 -0.0240006 -0.241662 0.352239 0.140241 -0.133024 0.155638 -0.024494
0.751625 0.192324 0.521596 -0.205438 0.154392 0.318536 0.742337 0.196138 0.514805 -0.192752 0.152948 0.320256
0.624511 0.300216 1.00526 0.0940191 0.113209 -0.117524 0.608704 0.300717 1.01259 0.08765 0.114975 -0.117245
-0.104627 0.0298651 0.00461057 0.0289921 -0.188199 -0.0696237 -0.10197 0.029071 0.004253 0.030915 -0.187152 -0.070589
