0.37747 0.364913 0.881076 0.0249749 -0.0049828 -0.00213508 0.374155 0.361887 0.878696 0.024455 -0.00483339 -0.00135555
0.523292 0.516307 1.21891 0.0237701 0.00564803 0.00245504 0.514077 0.507009 1.21662 0.0226769 0.00574944 0.00395228
0.53043 0.550483 1.25154 -0.0149992 0.0543934 -0.00731645 0.520879 0.541759 1.25346 -0.0139378 0.0562141 -0.00602479
0.560183 0.570778 1.30874 -0.0301293 0.109878 0.00495999 0.549705 0.560117 1.30958 -0.0308886 0.110396 0.00525276
0.115723 0.127119 0.185554 -0.0160431 0.0747204 0.0449594 0.123545 0.130598 0.187209 -0.0148433 0.0751208 0.0431881
0.59087 0.623048 1.34008 -0.0267185 -0.0860145 0.00657359 0.581067 0.617207 1.34466 -0.0258804 -0.0905529 0.00794374
0.199256 0.187318 0.334346 0.0151992 -0.17622 -0.0221865 0.19857 0.196761 0.334411 0.011501 -0.173117 -0.0202941
0.544346 0.591679 1.24986 0.0734031 0.181526 0.0656067 0.541519 0.590153 1.25095 0.0730865 0.182524 0.0661265
0.328515 0.35367 0.642994 -0.0269679 -0.157115 -0.0330332 0.335842 0.357499 0.640673 -0.0282114 -0.155589 -0.031757
0.341031 0.346999 0.624867 0.0687985 0.244455 0.0877331 0.343107 0.345545 0.614524 0.0652423 0.242847 0.090876
0.326376 0.350408 0.580253 -0.103984 -0.289194 -0.0346654 0.325303 0.355489 0.573817 -0.0969622 -0.287009 -0.0357421
0.290521 0.292765 0.665977 0.00687942 0.0268048 -0.0320871 0.289424 0.290207 0.660801 0.0072576 0.02771 -0.0322748
0.25786 0.274278 0.560573 0.0126828 -0.0134347 -0.0363209 0.259017 0.272607 0.557044 0.0121031 -0.0134129 -0.0368259
0.28174 0.280572 0.582347 0.000563144 0.0388126 -0.0573621 0.278545 0.279965 0.580479 0.00274887 0.0394445 -0.0587449
0.353921 0.305309 0.680198 -0.000631327 0.00879947 0.00802329 0.355702 0.306968 0.677767 -0.00192717 0.00514195 0.0111299
0.279292 0.242615 0.522263 0.0140822 0.0753178 -0.0198257 0.282271 0.243931 0.518263 0.0134934 0.076227 -0.0181133
0.337953 0.316649 0.649038 -0.0313291 0.0638055 -0.0934703 0.339478 0.322948 0.648145 -0.029977 0.0647148 -0.0943774
0.34636 0.384911 0.714732 0.018222 -0.0168518 -0.0191048 0.348849 0.388768 0.712261 0.0182372 -0.0187963 -0.0171158
0.302341 0.316409 0.530361 0.0167122 0.102605 0.0936347 0.306248 0.315938 0.526173 0.0129936 0.101449 0.0931989
0.373534 0.420027 0.713781 0.0132128 0.00620854 -0.0579629 0.380822 0.416541 0.711049 0.0104618 0.0014062 -0.0560479
0.363905 0.358166 0.599772 0.0110916 -0.0909555 -0.0256794 0.365261 0.355954 0.596414 0.0100033 -0.091744 -0.0210761
0.250581 0.254063 0.568175 -0.0104263 0.0133656 -0.0173954 0.25099 0.253803 0.563333 -0.0101462 0.0136109 -0.0170597
0.342607 0.354794 0.767845 0.0104816 0.0731204 -0.0521297 0.341167 0.353145 0.764047 0.0104311 0.0749394 -0.0529316
0.268715 0.288164 0.561482 -0.000551542 -0.0692559 0.000563484 0.27087 0.291881 0.558945 -0.00123466 -0.0703344 -0.000847108
0.315462 0.261933 0.591268 -0.0277787 0.0338786 0.0209883 0.313002 0.258237 0.589142 -0.0256377 0.0366247 0.0232087
0.184987 0.228732 0.365895 0.000763591 0.070939 -0.0955774 0.184339 0.227004 0.362202 0.00173445 0.0737037 -0.0948274
0.33222 0.328565 0.668864 -0.0146482 -0.114439 -0.0718493 0.330213 0.32273 0.667724 -0.0154322 -0.118102 -0.0715881
0.340173 0.302859 0.582966 0.0209633 0.047984 -0.0149493 0.345914 0.306818 0.576461 0.0210602 0.0485647 -0.0161967
0.301039 0.311832 0.446983 -0.00719518 0.0303928 -0.0787875 0.298881 0.311368 0.435386 -0.0143331 0.0332204 -0.0802466
0.283409 0.318727 0.477531 -0.0274088 -0.118643 0.119394 0.291488 0.324468 0.469031 -0.0260729 -0.122877 0.119713
0.431463 0.320905 0.610878 0.00474679 -0.0923465 -0.0356937 0.439842 0.321751 0.600137 0.00598164 -0.0898687 -0.0402482
0.402228 0.41863 0.711628 0.0265543 0.0508131 0.0610502 0.407451 0.423255 0.707237 0.0282691 0.0518314 0.0521183
0.186771 0.167668 0.369193 0.00497795 -0.0141814 0.0266656 0.184802 0.16855 0.365852 0.00245979 -0.0149197 0.0271212
0.294876 0.266411 0.613087 -0.0143525 -0.116808 -0.0124786 0.294307 0.264317 0.611885 -0.0151389 -0.11864 -0.0118574
0.219795 0.214618 0.422623 -0.0229614 0.0370283 -0.00456909 0.218534 0.214063 0.417888 -0.0234416 0.0380458 -0.00384799
0.294734 0.264351 0.600138 -0.0111232 -0.0484218 0.0267842 0.289723 0.267909 0.597922 -0.0110241 -0.0466439 0.0267803
0.244644 0.231489 0.434119 0.0158865 -0.00606344 -0.0252662 0.238823 0.232433 0.429642 0.0126484 -0.00589693 -0.0274114
0.267736 0.31497 0.548109 -0.00760517 0.102814 0.0622651 0.261552 0.314555 0.547679 -0.00693146 0.10286 0.0643125
0.202189 0.270409 0.429696 0.0328679 -0.0971807 -0.165394 0.200917 0.266408 0.427995 0.0301253 -0.0948666 -0.167158
0.278071 0.353536 0.584775 0.022215 0.0853575 0.054792 0.280035 0.349156 0.582078 0.0130095 0.0868911 0.053749
0.376054 0.294116 0.606902 0.0173657 -0.109 -0.180994 0.378667 0.29316 0.607657 0.0160633 -0.109948 -0.179967
0.313564 0.365569 0.60881 -0.0277832 0.110496 -0.0562788 0.308315 0.363757 0.601252 -0.0320525 0.112237 -0.0591313
0.293605 0.294675 0.493199 0.0247796 0.0747207 -0.0276364 0.295082 0.299976 0.490679 0.0242982 0.0773304 -0.0240706
0.483811 0.355291 0.738029 0.036534 0.0783055 -0.0342812 0.470158 0.348332 0.733739 0.0336906 0.0799776 -0.0385868
0.262683 0.220806 0.552404 0.0133164 -0.0462296 0.021584 0.262277 0.221242 0.547994 0.0127395 -0.0465899 0.0213143
0.317649 0.259475 0.632511 0.00410845 -0.0516382 -0.00697302 0.313042 0.258171 0.629722 0.00228402 -0.0524995 -0.00621672
0.227502 0.238653 0.503677 -0.0031658 0.0535583 -0.0577771 0.228848 0.241704 0.501868 -0.00399412 0.0546703 -0.0584801
0.222908 0.223914 0.468416 0.00940194 0.0517125 -0.0263067 0.220088 0.226801 0.462953 0.00707335 0.0532736 -0.0258188
0.320925 0.331381 0.607004 0.0283425 0.0989019 0.129392 0.317201 0.325485 0.603251 0.0275088 0.10029 0.132414
0.25455 0.225071 0.399123 0.0229662 0.135226 0.0233985 0.252487 0.222819 0.395486 0.0197916 0.135223 0.0240049
0.36318 0.305785 0.663792 -0.010549 -0.095982 0.0334141 0.363559 0.309015 0.665139 -0.00916465 -0.099621 0.0357109
0.214326 0.226502 0.269655 -0.00753609 -0.0441487 -0.0907159 0.218248 0.227971 0.271734 -0.0098974 -0.0438654 -0.0893625
0.375586 0.376118 0.685144 -0.00767169 -0.241774 0.0491885 0.377801 0.377893 0.680338 -0.00476816 -0.243544 0.0493981
0.316024 0.277756 0.689827 -0.0318775 0.0248296 0.0249872 0.315224 0.276861 0.686265 -0.0323722 0.0242644 0.025714
0.257228 0.257764 0.553224 0.0273318 -0.000561448 0.0351092 0.258104 0.260487 0.550823 0.0270916 -0.0011743 0.0358359
0.240309 0.263345 0.529732 -0.0115314 -0.0633202 -0.0565566 0.241873 0.264508 0.523834 -0.0131291 -0.0651786 -0.0583435
0.306307 0.311843 0.669115 0.0378244 0.0104756 -0.0267748 0.309161 0.315054 0.663188 0.0360868 0.013649 -0.02674
0.270504 0.345213 0.624275 0.0154154 -0.0788543 0.00404196 0.271184 0.346288 0.618637 0.0144665 -0.0800179 0.00389035
0.290423 0.313979 0.598252 0.00543804 0.107218 -0.0065912 0.289005 0.313834 0.594284 0.0026578 0.107432 -0.00760915
0.321705 0.30383 0.632112 -0.0115298 -0.0610336 0.0824313 0.320009 0.306204 0.628255 -0.0109033 -0.0615361 0.0836869
0.355666 0.37804 0.760199 -0.00735188 0.0279117 0.110397 0.351118 0.376076 0.759079 -0.00717077 0.0273394 0.112884
0.299215 0.278334 0.534994 -0.00752402 0.0808721 -0.0611084 0.299778 0.282874 0.528256 -0.0077881 0.0818084 -0.0600494
0.220583 0.189321 0.303379 -0.0023053 -0.00860963 -0.0319334 0.22409 0.191622 0.300419 0.000735925 -0.00716865 -0.0292221
0.252992 0.302412 0.451653 -0.00557334 0.045705 -0.0115239 0.254853 0.303965 0.445224 -0.00694523 0.0469584 -0.0125753
0.383013 0.31855 0.60093 -0.00332261 -0.0696411 -0.192644 0.374481 0.32284 0.593722 -0.00734231 -0.0670635 -0.190083
0.109246 0.129353 0.275094 -0.0288296 0.0733272 0.00725392 0.113668 0.132795 0.268622 -0.0293908 0.0735162 0.0080073
0.145077 0.117888 0.283889 0.0357311 0.080489 -0.00278149 0.147519 0.121974 0.277463 0.0355993 0.0804203 -0.00254946
0.139693 0.152592 0.289338 -0.0351416 -0.0802275 -0.0252608 0.143788 0.154572 0.284297 -0.0351896 -0.081298 -0.0268117
0.165445 0.172012 0.337994 0.016468 -0.0843361 0.0147031 0.170643 0.174453 0.335272 0.0179119 -0.0848596 0.015662
0.112697 0.148394 0.217157 0.0130794 0.136449 -0.00279264 0.1158 0.154548 0.210679 0.0128341 0.137299 -0.00243618
0.169031 0.160709 0.32331 -0.0289034 -0.121211 -0.00393453 0.171461 0.163936 0.316401 -0.0311557 -0.120487 -0.00474742
0.151007 0.136861 0.207741 -0.0400968 0.141739 -0.024251 0.152962 0.137114 0.203238 -0.041974 0.142642 -0.0237572
0.24625 0.198169 0.442673 -0.0103791 -0.170131 0.00880533 0.25223 0.196083 0.440862 -0.0115859 -0.169446 0.00871242
0.267747 0.23839 0.47536 -0.0149234 0.153072 -0.00329264 0.265466 0.23402 0.472472 -0.017842 0.154398 -0.00224772
0.217989 0.231743 0.386922 -0.0133759 0.0535155 -0.0962074 0.220337 0.235779 0.384127 -0.0148362 0.0510136 -0.0975169
0.202017 0.20116 0.333716 -0.00355019 0.0101876 0.000894859 0.207907 0.206399 0.332802 -0.00247217 0.0094906 0.00340705
0.188531 0.252731 0.288992 -0.00359735 -0.0963625 -0.00726381 0.181405 0.250693 0.289248 -0.0090184 -0.0911538 -0.0082254
0.135182 0.181619 0.12787 -0.00287014 -0.0428913 -0.00658962 0.141994 0.197521 0.122334 -0.0088183 -0.0397962 -0.00307248
0.234843 0.25157 0.549478 -0.0192129 0.0201508 -0.0157081 0.237189 0.252187 0.5473 -0.018486 0.0202109 -0.0154957
0.256851 0.228979 0.527513 -0.00255777 0.000521314 0.0622914 0.260096 0.231616 0.524792 -0.00310889 0.000268957 0.0626225
0.331247 0.326869 0.732658 -0.0138705 -0.0198771 -0.0405911 0.32781 0.328196 0.730042 -0.0126749 -0.0212063 -0.0423692
0.327137 0.254246 0.602541 -0.0128644 -0.128702 0.0570533 0.325748 0.255049 0.60066 -0.00923772 -0.128998 0.0597031
0.390161 0.430362 0.89523 -0.0136083 0.0609528 -0.170046 0.388481 0.43252 0.893368 -0.0130804 0.0627983 -0.173136
0.346746 0.34735 0.690244 -0.00882733 0.00346923 0.0399817 0.342933 0.347067 0.690154 -0.00883111 0.00484546 0.0404293
0.377792 0.392288 0.783236 -0.0334881 -0.0942831 0.146613 0.381564 0.398876 0.785366 -0.0318608 -0.0951345 0.150505
0.305621 0.35574 0.645542 0.00410196 0.00876924 0.00725969 0.308179 0.360633 0.643021 0.00333231 0.00930549 0.00832708
0.371993 0.318249 0.662386 -0.0270062 0.131345 -0.0200509 0.375221 0.317099 0.656599 -0.0258453 0.131596 -0.0206006
0.303326 0.337771 0.577875 0.0125771 0.0620892 0.0158486 0.304859 0.34083 0.571834 0.00711465 0.0611941 0.0128549
0.330307 0.278671 0.503441 0.0257863 0.00252559 0.0690789 0.33243 0.284074 0.498717 0.0294836 0.000423554 0.0655704
0.409639 0.344933 0.728805 0.0517155 0.0105692 0.160588 0.414493 0.342813 0.72327 0.0531518 0.00976292 0.16032
0.422817 0.398769 0.754555 0.0431157 -0.0883736 0.0544307 0.419069 0.403933 0.750338 0.0371753 -0.0869726 0.0524911
0.417071 0.415412 0.792762 0.016305 -0.0438929 -0.0029148 0.423035 0.423166 0.787713 0.0172958 -0.0450863 -0.0041646
0.276969 0.259174 0.608421 -0.0206867 0.0130777 0.064104 0.280944 0.259278 0.606049 -0.0209776 0.0132435 0.0646534
0.351204 0.419213 0.896412 -0.00592686 -0.0656673 -0.0760785 0.349418 0.415266 0.894973 -0.0057021 -0.0666208 -0.076621
0.419257 0.438939 0.978235 0.017378 0.0219745 -0.0433812 0.417937 0.437147 0.98157 0.0157107 0.0231292 -0.0455141
0.317278 0.363991 0.725997 -0.0202915 0.00364575 0.0471837 0.322614 0.361094 0.722222 -0.0178687 0.00528172 0.0467657
0.218997 0.204558 0.353741 0.0238353 0.00961416 -0.0518438 0.221774 0.20719 0.352736 0.0236661 0.00829531 -0.0507301
0.37601 0.280275 0.690383 -0.00602101 0.100508 0.0561335 0.374502 0.284487 0.685968 -0.00527007 0.103325 0.0587914
0.294816 0.342229 0.660262 0.00710393 -0.00531629 -0.0337675 0.296301 0.343632 0.656993 0.00727031 -0.00798294 -0.0334237
0.302998 0.343179 0.647274 0.0345005 0.0812062 -0.06125 0.303237 0.343999 0.644858 0.0334131 0.0846579 -0.0611729
0.384947 0.399851 0.758826 0.0226836 0.0874429 -0.0585237 0.384885 0.398423 0.759522 0.0209818 0.0858205 -0.0612195
0.339532 0.325658 0.64402 -0.00775472 -0.126481 0.0727052 0.346508 0.333029 0.645608 -0.00814812 -0.130461 0.0763986
0.365867 0.340884 0.625253 0.0106079 -0.159409 0.0696488 0.373493 0.337687 0.624553 0.00950562 -0.164507 0.0674912
0.295431 0.273263 0.464284 0.0432355 -0.0616434 0.057505 0.294899 0.27783 0.456371 0.0439967 -0.0652337 0.062541
0.355043 0.443299 0.737429 0.00176756 -0.0132467 0.0971072 0.355944 0.444711 0.730288 0.00108959 -0.0147005 0.0937558
0.730252 0.538119 0.783433 0.170534 0.209363 -0.0540881 0.734099 0.5525 0.776422 0.165323 0.209795 -0.0561735
0.293642 0.7275 1.03856 -0.192784 -0.179303 -0.270773 0.304496 0.715929 1.03441 -0.184981 -0.180694 -0.274757
0.775096 0.65044 0.822002 -0.0814614 0.24331 -0.164102 0.774974 0.649204 0.821841 -0.0770566 0.246366 -0.162628
0.039753 -0.144649 0.0524819 -0.101629 0.246537 -0.172957 0.0402403 -0.135656 0.059806 -0.0955723 0.245146 -0.174317
0.58223 0.870135 1.32484 0.134748 0.211635 0.0217871 0.59071 0.862926 1.32433 0.130251 0.211546 0.0210453
0.829511 0.74933 0.739556 0.0720769 -0.179289 -0.153202 0.827314 0.744747 0.737363 0.0701282 -0.180096 -0.154181
0.179177 0.341412 0.847056 -0.0605056 0.0312998 0.205339 0.176995 0.332488 0.850867 -0.0599474 0.0313791 0.212594
1.20394 0.980293 1.774 -0.15343 -0.208088 0.404106 1.18793 0.98405 1.78142 -0.145105 -0.209088 0.406215
0.528498 0.200012 1.12375 -0.0368768 0.112747 -0.319492 0.505222 0.208728 1.14087 -0.0329603 0.11084 -0.321025
-0.00836608 0.110694 0.595406 0.207122 -0.177756 -0.147791 0.000599445 0.108807 0.597992 0.197216 -0.179428 -0.146205
0.434282 0.863113 0.818215 0.155854 0.10831 0.148068 0.43825 0.849686 0.815201 0.144567 0.110924 0.149942
0.268386 -0.0366635 0.436961 -0.0367196 0.068307 -0.253813 0.257509 -0.0303222 0.438266 -0.0389295 0.0681368 -0.252913
0.107856 0.664723 0.393965 0.0316544 0.311454 -0.19145 0.111977 0.651978 0.394739 0.0306858 0.309231 -0.188924
0.779567 0.832213 1.00792 0.184528 -0.0546314 -0.085489 0.773795 0.834886 1.00759 0.176151 -0.0547171 -0.0872133
1.1327 0.513874 1.34755 -0.057946 0.213726 -0.292039 1.10745 0.52302 1.34668 -0.0538325 0.214357 -0.295462
0.166984 0.031671 0.363754 -0.071664 -0.087849 0.00706988 0.156754 0.0174983 0.36545 -0.070599 -0.0930595 0.00668953
0.91951 0.708091 0.709993 0.153911 0.0671898 0.0851545 0.920887 0.715351 0.706735 0.148267 0.0656545 0.0829549
0.0866408 -0.212718 0.143175 0.143405 0.214438 0.121187 0.0895413 -0.202272 0.142543 0.137537 0.213294 0.1226
0.133416 0.425972 0.617236 -0.0959008 0.116875 -0.0916407 0.136713 0.421189 0.613734 -0.0930715 0.118522 -0.0927805
0.206088 0.773518 1.08171 -0.0687974 0.0465635 -0.293475 0.216833 0.753827 1.08561 -0.0708089 0.0482596 -0.297699
0.521017 0.489206 0.198508 -0.0626782 -0.0497493 0.0699779 0.509075 0.479043 0.196821 -0.0613194 -0.0479026 0.0666979
0.722462 0.260839 0.911792 0.0889069 0.21167 0.180041 0.706433 0.267366 0.910121 0.0862718 0.212208 0.182857
0.0958495 0.508724 0.876918 -0.0672368 -0.0293199 -0.201297 0.105908 0.486718 0.880849 -0.058209 -0.0374889 -0.205874
0.957423 0.55243 1.08386 0.143122 -0.202402 0.148257 0.944759 0.551266 1.07813 0.135669 -0.208129 0.151807
0.610735 0.729832 0.805187 -0.140916 0.049424 0.171228 0.609016 0.723211 0.793486 -0.138211 0.0510222 0.172159
0.492194 0.314163 0.497536 -0.171156 0.0630111 -0.147912 0.484404 0.313988 0.49024 -0.163323 0.0642118 -0.14954
-0.453307 -0.378056 -0.271967 -0.0922646 -0.0027506 0.115933 -0.455354 -0.387812 -0.286361 -0.0853915 -0.00146546 0.118517
-0.198798 0.00447148 -0.088452 0.0467215 0.233286 -0.0343958 -0.201235 -0.00467163 -0.096434 0.0448881 0.231463 -0.0365396
0.0300803 0.209223 0.175795 -0.0170158 -0.200258 -0.23734 0.0280832 0.201042 0.172324 -0.0149545 -0.202613 -0.237276
0.615534 0.339457 1.13759 0.148951 0.172256 0.26637 0.595719 0.330783 1.1433 0.141555 0.172432 0.273922
-0.189985 0.376439 0.093018 0.1177 0.0449989 -0.195059 -0.182822 0.35978 0.0866851 0.113989 0.0425061 -0.196985
1.04288 1.10931 1.3014 -0.277856 0.269013 -0.0216457 1.04207 1.10874 1.29886 -0.263177 0.275478 -0.0216274
-0.0543629 0.538919 0.143223 -0.0758658 0.206942 0.081528 -0.0471488 0.527875 0.137814 -0.0741926 0.206359 0.0812386
-0.272407 -0.448577 -0.426219 0.00483602 -0.20663 0.0524001 -0.274099 -0.453876 -0.436767 0.00632894 -0.201081 0.0525037
0.558181 0.277022 0.170633 0.0301342 -0.163503 -0.044614 0.554617 0.273465 0.171378 0.0280032 -0.164947 -0.0457918
0.54091 -0.151674 0.293522 -0.177336 0.13846 0.119842 0.520791 -0.146967 0.28516 -0.165108 0.143664 0.120116
0.0433899 -0.122534 0.327471 -0.164916 -0.271774 -0.312981 0.0360979 -0.123102 0.325208 -0.158525 -0.27394 -0.313764
0.111502 0.745785 0.69612 0.152384 -0.0925496 0.208849 0.123394 0.726345 0.691139 0.145827 -0.0927313 0.213434
0.159918 0.321931 -0.0681565 -0.0624553 0.111504 0.0593363 0.152535 0.315336 -0.0704371 -0.0656113 0.10908 0.0575962
-0.348084 -0.273422 0.015795 0.0727235 -0.236623 -0.143154 -0.34765 -0.270245 0.0142414 0.067409 -0.239106 -0.143837
0.819614 0.314512 1.14749 0.0120638 -0.122592 0.094767 0.804812 0.318806 1.15835 0.012962 -0.122626 0.094514
-0.266864 0.38824 0.154972 -0.146761 0.170516 -0.0259176 -0.260964 0.380373 0.151442 -0.143649 0.168069 -0.0264504
0.791231 0.202459 0.549081 -0.216263 0.162528 0.335321 0.781454 0.206473 0.541932 -0.202909 0.161007 0.337132
0.654025 0.314404 1.05277 0.0984623 0.118559 -0.123078 0.63747 0.314928 1.06044 0.0917922 0.120409 -0.122786
-0.114001 0.0325409 0.00502365 0.0315896 -0.20506 -0.0758616 -0.111106 0.0316756 0.00463405 0.0336848 -0.20392 -0.0769135
